<?xml version="1.0" encoding="UTF-8"?>
<testng-results ignored="0" total="6" passed="5" failed="0" skipped="1">
  <reporter-output>
  </reporter-output>
  <suite started-at="2024-02-27T13:19:02 IST" name="Parallel Test Suite" finished-at="2024-02-27T13:20:11 IST" duration-ms="69244">
    <groups>
    </groups>
    <test started-at="2024-02-27T13:19:02 IST" name="SafariTest" finished-at="2024-02-27T13:19:49 IST" duration-ms="47075">
      <class name="Malli_test.TestScenario_1">
        <test-method is-config="true" signature="setUp(java.lang.String,java.lang.String,java.lang.String)[pri:0, instance:Malli_test.TestScenario_1@77847718]" started-at="2024-02-27T13:19:02 IST" name="setUp" finished-at="2024-02-27T13:19:17 IST" duration-ms="15037" status="PASS">
          <params>
            <param index="0">
              <value>
                <![CDATA[safari]]>
              </value>
            </param>
            <param index="1">
              <value>
                <![CDATA[latest]]>
              </value>
            </param>
            <param index="2">
              <value>
                <![CDATA[macOS Catalina]]>
              </value>
            </param>
          </params>
          <reporter-output>
          </reporter-output>
        </test-method> <!-- setUp -->
        <test-method signature="TestScenario1()[pri:0, instance:Malli_test.TestScenario_1@77847718]" started-at="2024-02-27T13:19:17 IST" name="TestScenario1" finished-at="2024-02-27T13:19:25 IST" duration-ms="7712" status="PASS">
          <reporter-output>
          </reporter-output>
        </test-method> <!-- TestScenario1 -->
        <test-method is-config="true" signature="tearDown()[pri:0, instance:Malli_test.TestScenario_1@77847718]" started-at="2024-02-27T13:19:25 IST" name="tearDown" finished-at="2024-02-27T13:19:25 IST" duration-ms="414" status="PASS">
          <reporter-output>
          </reporter-output>
        </test-method> <!-- tearDown -->
      </class> <!-- Malli_test.TestScenario_1 -->
      <class name="Malli_test.TestScenario_2">
        <test-method is-config="true" signature="setUp(java.lang.String,java.lang.String,java.lang.String)[pri:0, instance:Malli_test.TestScenario_2@7f3b84b8]" started-at="2024-02-27T13:19:25 IST" name="setUp" finished-at="2024-02-27T13:19:40 IST" duration-ms="14787" status="PASS">
          <params>
            <param index="0">
              <value>
                <![CDATA[safari]]>
              </value>
            </param>
            <param index="1">
              <value>
                <![CDATA[latest]]>
              </value>
            </param>
            <param index="2">
              <value>
                <![CDATA[macOS Catalina]]>
              </value>
            </param>
          </params>
          <reporter-output>
          </reporter-output>
        </test-method> <!-- setUp -->
        <test-method signature="TestScenario2()[pri:0, instance:Malli_test.TestScenario_2@7f3b84b8]" started-at="2024-02-27T13:19:40 IST" name="TestScenario2" finished-at="2024-02-27T13:19:47 IST" duration-ms="6358" status="PASS">
          <reporter-output>
          </reporter-output>
        </test-method> <!-- TestScenario2 -->
        <test-method is-config="true" signature="tearDown()[pri:0, instance:Malli_test.TestScenario_2@7f3b84b8]" started-at="2024-02-27T13:19:47 IST" name="tearDown" finished-at="2024-02-27T13:19:47 IST" duration-ms="492" status="PASS">
          <reporter-output>
          </reporter-output>
        </test-method> <!-- tearDown -->
      </class> <!-- Malli_test.TestScenario_2 -->
      <class name="Malli_test.TestScenario_3">
        <test-method is-config="true" signature="setUp(java.lang.String,java.lang.String,java.lang.String)[pri:0, instance:Malli_test.TestScenario_3@57a3af25]" started-at="2024-02-27T13:19:47 IST" name="setUp" finished-at="2024-02-27T13:19:49 IST" duration-ms="2135" status="FAIL">
          <params>
            <param index="0">
              <value>
                <![CDATA[safari]]>
              </value>
            </param>
            <param index="1">
              <value>
                <![CDATA[latest]]>
              </value>
            </param>
            <param index="2">
              <value>
                <![CDATA[macOS Catalina]]>
              </value>
            </param>
          </params>
          <exception class="org.openqa.selenium.SessionNotCreatedException">
            <message>
              <![CDATA[Could not start a new session. Response code 500. Message: Error: No Selenium config found for browserVersion: 122.0 Input capabilities : {"EnableHTTP2InMartian":true,"accessKey":"**************************************************","browserName":"chrome","browserVersion":"122","build":"Selenium 4","console":"info","enableDebugLogsInMartian":false,"enableNetworkThrottling":false,"enableSSEInMartian":true,"enableWSInMartian":true,"extendedDebuging":true,"headless":false,"loggingPrefs":{"browser":"ALL","driver":"ALL","performance":"ALL","server":"ALL"},"lt:options":{"accessKey":"**************************************************","user":"************"},"name":"Malli_test.TestScenario_3","network":true,"network.har":true,"performance":false,"platform":"macos 10.15","platformName":"macOS Catalina","resolution":"1920x1080","selenium_version":"4.0.0","tunnel":false,"tunnelIdentifier":"","user":"************","userAgent":"selenium/4.1.0 (java windows)","version":"122.0","video":true,"visual":true,"w3c":true}
Build info: version: '4.1.0', revision: '87802e897b'
System info: host: 'WIN-8N2F4M2', ip: '10.1.127.210', os.name: 'Windows 10', os.arch: 'amd64', os.version: '10.0', java.version: '17.0.7'
Driver info: org.openqa.selenium.remote.RemoteWebDriver
Command: [null, newSession {capabilities=[Capabilities {LT:Options: {accessKey: yQqf1gSo7KMQmtiKt3oGCgja8RK..., user: mrkatlagunta}, browserName: Chrome, browserVersion: 122, platformName: macos catalina}], desiredCapabilities=Capabilities {LT:Options: {accessKey: yQqf1gSo7KMQmtiKt3oGCgja8RK..., user: mrkatlagunta}, browserName: Chrome, browserVersion: 122, build: Selenium 4, console: info, name: Malli_test.TestScenario_3, network: true, platformName: macOS Catalina, selenium_version: 4.0.0, tunnel: false, visual: true}}]
Capabilities {}]]>
            </message>
            <full-stacktrace>
              <![CDATA[org.openqa.selenium.SessionNotCreatedException: Could not start a new session. Response code 500. Message: Error: No Selenium config found for browserVersion: 122.0 Input capabilities : {"EnableHTTP2InMartian":true,"accessKey":"**************************************************","browserName":"chrome","browserVersion":"122","build":"Selenium 4","console":"info","enableDebugLogsInMartian":false,"enableNetworkThrottling":false,"enableSSEInMartian":true,"enableWSInMartian":true,"extendedDebuging":true,"headless":false,"loggingPrefs":{"browser":"ALL","driver":"ALL","performance":"ALL","server":"ALL"},"lt:options":{"accessKey":"**************************************************","user":"************"},"name":"Malli_test.TestScenario_3","network":true,"network.har":true,"performance":false,"platform":"macos 10.15","platformName":"macOS Catalina","resolution":"1920x1080","selenium_version":"4.0.0","tunnel":false,"tunnelIdentifier":"","user":"************","userAgent":"selenium/4.1.0 (java windows)","version":"122.0","video":true,"visual":true,"w3c":true}
Build info: version: '4.1.0', revision: '87802e897b'
System info: host: 'WIN-8N2F4M2', ip: '10.1.127.210', os.name: 'Windows 10', os.arch: 'amd64', os.version: '10.0', java.version: '17.0.7'
Driver info: org.openqa.selenium.remote.RemoteWebDriver
Command: [null, newSession {capabilities=[Capabilities {LT:Options: {accessKey: yQqf1gSo7KMQmtiKt3oGCgja8RK..., user: mrkatlagunta}, browserName: Chrome, browserVersion: 122, platformName: macos catalina}], desiredCapabilities=Capabilities {LT:Options: {accessKey: yQqf1gSo7KMQmtiKt3oGCgja8RK..., user: mrkatlagunta}, browserName: Chrome, browserVersion: 122, build: Selenium 4, console: info, name: Malli_test.TestScenario_3, network: true, platformName: macOS Catalina, selenium_version: 4.0.0, tunnel: false, visual: true}}]
Capabilities {}
at org.openqa.selenium.remote.ProtocolHandshake.createSession(ProtocolHandshake.java:126)
at org.openqa.selenium.remote.ProtocolHandshake.createSession(ProtocolHandshake.java:84)
at org.openqa.selenium.remote.ProtocolHandshake.createSession(ProtocolHandshake.java:62)
at org.openqa.selenium.remote.HttpCommandExecutor.execute(HttpCommandExecutor.java:156)
at org.openqa.selenium.remote.TracedCommandExecutor.execute(TracedCommandExecutor.java:50)
at org.openqa.selenium.remote.RemoteWebDriver.execute(RemoteWebDriver.java:559)
at org.openqa.selenium.remote.RemoteWebDriver.startSession(RemoteWebDriver.java:246)
at org.openqa.selenium.remote.RemoteWebDriver.<init>(RemoteWebDriver.java:168)
at org.openqa.selenium.remote.RemoteWebDriver.<init>(RemoteWebDriver.java:146)
at Malli_test.TestScenario_3.setUp(TestScenario_3.java:52)
at java.base/jdk.internal.reflect.NativeMethodAccessorImpl.invoke0(Native Method)
at java.base/jdk.internal.reflect.NativeMethodAccessorImpl.invoke(NativeMethodAccessorImpl.java:77)
at java.base/jdk.internal.reflect.DelegatingMethodAccessorImpl.invoke(DelegatingMethodAccessorImpl.java:43)
at java.base/java.lang.reflect.Method.invoke(Method.java:568)
at org.testng.internal.MethodInvocationHelper.invokeMethod(MethodInvocationHelper.java:133)
at org.testng.internal.MethodInvocationHelper.invokeMethodConsideringTimeout(MethodInvocationHelper.java:62)
at org.testng.internal.ConfigInvoker.invokeConfigurationMethod(ConfigInvoker.java:385)
at org.testng.internal.ConfigInvoker.invokeConfigurations(ConfigInvoker.java:321)
at org.testng.internal.TestInvoker.runConfigMethods(TestInvoker.java:700)
at org.testng.internal.TestInvoker.invokeMethod(TestInvoker.java:527)
at org.testng.internal.TestInvoker.invokeTestMethod(TestInvoker.java:173)
at org.testng.internal.MethodRunner.runInSequence(MethodRunner.java:46)
at org.testng.internal.TestInvoker$MethodInvocationAgent.invoke(TestInvoker.java:824)
at org.testng.internal.TestInvoker.invokeTestMethods(TestInvoker.java:146)
at org.testng.internal.TestMethodWorker.invokeTestMethods(TestMethodWorker.java:146)
at org.testng.internal.TestMethodWorker.run(TestMethodWorker.java:128)
at java.base/java.util.ArrayList.forEach(ArrayList.java:1511)
at org.testng.TestRunner.privateRun(TestRunner.java:794)
at org.testng.TestRunner.run(TestRunner.java:596)
at org.testng.SuiteRunner.runTest(SuiteRunner.java:377)
at org.testng.SuiteRunner.access$000(SuiteRunner.java:28)
at org.testng.SuiteRunner$SuiteWorker.run(SuiteRunner.java:418)
at org.testng.internal.thread.ThreadUtil.lambda$execute$0(ThreadUtil.java:64)
at java.base/java.util.concurrent.FutureTask.run(FutureTask.java:264)
at java.base/java.util.concurrent.ThreadPoolExecutor.runWorker(ThreadPoolExecutor.java:1136)
at java.base/java.util.concurrent.ThreadPoolExecutor$Worker.run(ThreadPoolExecutor.java:635)
at java.base/java.lang.Thread.run(Thread.java:833)
]]>
            </full-stacktrace>
          </exception> <!-- org.openqa.selenium.SessionNotCreatedException -->
          <reporter-output>
          </reporter-output>
        </test-method> <!-- setUp -->
        <test-method signature="TestScenario3()[pri:0, instance:Malli_test.TestScenario_3@57a3af25]" started-at="2024-02-27T13:19:49 IST" name="TestScenario3" finished-at="2024-02-27T13:19:49 IST" duration-ms="0" status="SKIP">
          <exception class="org.openqa.selenium.SessionNotCreatedException">
            <message>
              <![CDATA[Could not start a new session. Response code 500. Message: Error: No Selenium config found for browserVersion: 122.0 Input capabilities : {"EnableHTTP2InMartian":true,"accessKey":"**************************************************","browserName":"chrome","browserVersion":"122","build":"Selenium 4","console":"info","enableDebugLogsInMartian":false,"enableNetworkThrottling":false,"enableSSEInMartian":true,"enableWSInMartian":true,"extendedDebuging":true,"headless":false,"loggingPrefs":{"browser":"ALL","driver":"ALL","performance":"ALL","server":"ALL"},"lt:options":{"accessKey":"**************************************************","user":"************"},"name":"Malli_test.TestScenario_3","network":true,"network.har":true,"performance":false,"platform":"macos 10.15","platformName":"macOS Catalina","resolution":"1920x1080","selenium_version":"4.0.0","tunnel":false,"tunnelIdentifier":"","user":"************","userAgent":"selenium/4.1.0 (java windows)","version":"122.0","video":true,"visual":true,"w3c":true}
Build info: version: '4.1.0', revision: '87802e897b'
System info: host: 'WIN-8N2F4M2', ip: '10.1.127.210', os.name: 'Windows 10', os.arch: 'amd64', os.version: '10.0', java.version: '17.0.7'
Driver info: org.openqa.selenium.remote.RemoteWebDriver
Command: [null, newSession {capabilities=[Capabilities {LT:Options: {accessKey: yQqf1gSo7KMQmtiKt3oGCgja8RK..., user: mrkatlagunta}, browserName: Chrome, browserVersion: 122, platformName: macos catalina}], desiredCapabilities=Capabilities {LT:Options: {accessKey: yQqf1gSo7KMQmtiKt3oGCgja8RK..., user: mrkatlagunta}, browserName: Chrome, browserVersion: 122, build: Selenium 4, console: info, name: Malli_test.TestScenario_3, network: true, platformName: macOS Catalina, selenium_version: 4.0.0, tunnel: false, visual: true}}]
Capabilities {}]]>
            </message>
            <full-stacktrace>
              <![CDATA[org.openqa.selenium.SessionNotCreatedException: Could not start a new session. Response code 500. Message: Error: No Selenium config found for browserVersion: 122.0 Input capabilities : {"EnableHTTP2InMartian":true,"accessKey":"**************************************************","browserName":"chrome","browserVersion":"122","build":"Selenium 4","console":"info","enableDebugLogsInMartian":false,"enableNetworkThrottling":false,"enableSSEInMartian":true,"enableWSInMartian":true,"extendedDebuging":true,"headless":false,"loggingPrefs":{"browser":"ALL","driver":"ALL","performance":"ALL","server":"ALL"},"lt:options":{"accessKey":"**************************************************","user":"************"},"name":"Malli_test.TestScenario_3","network":true,"network.har":true,"performance":false,"platform":"macos 10.15","platformName":"macOS Catalina","resolution":"1920x1080","selenium_version":"4.0.0","tunnel":false,"tunnelIdentifier":"","user":"************","userAgent":"selenium/4.1.0 (java windows)","version":"122.0","video":true,"visual":true,"w3c":true}
Build info: version: '4.1.0', revision: '87802e897b'
System info: host: 'WIN-8N2F4M2', ip: '10.1.127.210', os.name: 'Windows 10', os.arch: 'amd64', os.version: '10.0', java.version: '17.0.7'
Driver info: org.openqa.selenium.remote.RemoteWebDriver
Command: [null, newSession {capabilities=[Capabilities {LT:Options: {accessKey: yQqf1gSo7KMQmtiKt3oGCgja8RK..., user: mrkatlagunta}, browserName: Chrome, browserVersion: 122, platformName: macos catalina}], desiredCapabilities=Capabilities {LT:Options: {accessKey: yQqf1gSo7KMQmtiKt3oGCgja8RK..., user: mrkatlagunta}, browserName: Chrome, browserVersion: 122, build: Selenium 4, console: info, name: Malli_test.TestScenario_3, network: true, platformName: macOS Catalina, selenium_version: 4.0.0, tunnel: false, visual: true}}]
Capabilities {}
at org.openqa.selenium.remote.ProtocolHandshake.createSession(ProtocolHandshake.java:126)
at org.openqa.selenium.remote.ProtocolHandshake.createSession(ProtocolHandshake.java:84)
at org.openqa.selenium.remote.ProtocolHandshake.createSession(ProtocolHandshake.java:62)
at org.openqa.selenium.remote.HttpCommandExecutor.execute(HttpCommandExecutor.java:156)
at org.openqa.selenium.remote.TracedCommandExecutor.execute(TracedCommandExecutor.java:50)
at org.openqa.selenium.remote.RemoteWebDriver.execute(RemoteWebDriver.java:559)
at org.openqa.selenium.remote.RemoteWebDriver.startSession(RemoteWebDriver.java:246)
at org.openqa.selenium.remote.RemoteWebDriver.<init>(RemoteWebDriver.java:168)
at org.openqa.selenium.remote.RemoteWebDriver.<init>(RemoteWebDriver.java:146)
at Malli_test.TestScenario_3.setUp(TestScenario_3.java:52)
at java.base/jdk.internal.reflect.NativeMethodAccessorImpl.invoke0(Native Method)
at java.base/jdk.internal.reflect.NativeMethodAccessorImpl.invoke(NativeMethodAccessorImpl.java:77)
at java.base/jdk.internal.reflect.DelegatingMethodAccessorImpl.invoke(DelegatingMethodAccessorImpl.java:43)
at java.base/java.lang.reflect.Method.invoke(Method.java:568)
at org.testng.internal.MethodInvocationHelper.invokeMethod(MethodInvocationHelper.java:133)
at org.testng.internal.MethodInvocationHelper.invokeMethodConsideringTimeout(MethodInvocationHelper.java:62)
at org.testng.internal.ConfigInvoker.invokeConfigurationMethod(ConfigInvoker.java:385)
at org.testng.internal.ConfigInvoker.invokeConfigurations(ConfigInvoker.java:321)
at org.testng.internal.TestInvoker.runConfigMethods(TestInvoker.java:700)
at org.testng.internal.TestInvoker.invokeMethod(TestInvoker.java:527)
at org.testng.internal.TestInvoker.invokeTestMethod(TestInvoker.java:173)
at org.testng.internal.MethodRunner.runInSequence(MethodRunner.java:46)
at org.testng.internal.TestInvoker$MethodInvocationAgent.invoke(TestInvoker.java:824)
at org.testng.internal.TestInvoker.invokeTestMethods(TestInvoker.java:146)
at org.testng.internal.TestMethodWorker.invokeTestMethods(TestMethodWorker.java:146)
at org.testng.internal.TestMethodWorker.run(TestMethodWorker.java:128)
at java.base/java.util.ArrayList.forEach(ArrayList.java:1511)
at org.testng.TestRunner.privateRun(TestRunner.java:794)
at org.testng.TestRunner.run(TestRunner.java:596)
at org.testng.SuiteRunner.runTest(SuiteRunner.java:377)
at org.testng.SuiteRunner.access$000(SuiteRunner.java:28)
at org.testng.SuiteRunner$SuiteWorker.run(SuiteRunner.java:418)
at org.testng.internal.thread.ThreadUtil.lambda$execute$0(ThreadUtil.java:64)
at java.base/java.util.concurrent.FutureTask.run(FutureTask.java:264)
at java.base/java.util.concurrent.ThreadPoolExecutor.runWorker(ThreadPoolExecutor.java:1136)
at java.base/java.util.concurrent.ThreadPoolExecutor$Worker.run(ThreadPoolExecutor.java:635)
at java.base/java.lang.Thread.run(Thread.java:833)
]]>
            </full-stacktrace>
          </exception> <!-- org.openqa.selenium.SessionNotCreatedException -->
          <reporter-output>
          </reporter-output>
        </test-method> <!-- TestScenario3 -->
        <test-method is-config="true" signature="tearDown()[pri:0, instance:Malli_test.TestScenario_3@57a3af25]" started-at="2024-02-27T13:19:49 IST" name="tearDown" finished-at="1970-01-01T05:30:00 IST" duration-ms="-1709020189766" status="SKIP">
          <reporter-output>
          </reporter-output>
        </test-method> <!-- tearDown -->
      </class> <!-- Malli_test.TestScenario_3 -->
    </test> <!-- SafariTest -->
    <test started-at="2024-02-27T13:19:02 IST" name="ChromeTest" finished-at="2024-02-27T13:20:11 IST" duration-ms="69244">
      <class name="Malli_test.TestScenario_1">
        <test-method is-config="true" signature="setUp(java.lang.String,java.lang.String,java.lang.String)[pri:0, instance:Malli_test.TestScenario_1@50eac852]" started-at="2024-02-27T13:19:02 IST" name="setUp" finished-at="2024-02-27T13:19:15 IST" duration-ms="12532" status="PASS">
          <params>
            <param index="0">
              <value>
                <![CDATA[chrome]]>
              </value>
            </param>
            <param index="1">
              <value>
                <![CDATA[latest]]>
              </value>
            </param>
            <param index="2">
              <value>
                <![CDATA[Windows 10]]>
              </value>
            </param>
          </params>
          <reporter-output>
          </reporter-output>
        </test-method> <!-- setUp -->
        <test-method signature="TestScenario1()[pri:0, instance:Malli_test.TestScenario_1@50eac852]" started-at="2024-02-27T13:19:15 IST" name="TestScenario1" finished-at="2024-02-27T13:19:19 IST" duration-ms="4070" status="PASS">
          <reporter-output>
          </reporter-output>
        </test-method> <!-- TestScenario1 -->
        <test-method is-config="true" signature="tearDown()[pri:0, instance:Malli_test.TestScenario_1@50eac852]" started-at="2024-02-27T13:19:19 IST" name="tearDown" finished-at="2024-02-27T13:19:20 IST" duration-ms="666" status="PASS">
          <reporter-output>
          </reporter-output>
        </test-method> <!-- tearDown -->
      </class> <!-- Malli_test.TestScenario_1 -->
      <class name="Malli_test.TestScenario_2">
        <test-method is-config="true" signature="setUp(java.lang.String,java.lang.String,java.lang.String)[pri:0, instance:Malli_test.TestScenario_2@694abbdc]" started-at="2024-02-27T13:19:20 IST" name="setUp" finished-at="2024-02-27T13:19:38 IST" duration-ms="18047" status="PASS">
          <params>
            <param index="0">
              <value>
                <![CDATA[chrome]]>
              </value>
            </param>
            <param index="1">
              <value>
                <![CDATA[latest]]>
              </value>
            </param>
            <param index="2">
              <value>
                <![CDATA[Windows 10]]>
              </value>
            </param>
          </params>
          <reporter-output>
          </reporter-output>
        </test-method> <!-- setUp -->
        <test-method signature="TestScenario2()[pri:0, instance:Malli_test.TestScenario_2@694abbdc]" started-at="2024-02-27T13:19:38 IST" name="TestScenario2" finished-at="2024-02-27T13:19:42 IST" duration-ms="4450" status="PASS">
          <reporter-output>
          </reporter-output>
        </test-method> <!-- TestScenario2 -->
        <test-method is-config="true" signature="tearDown()[pri:0, instance:Malli_test.TestScenario_2@694abbdc]" started-at="2024-02-27T13:19:42 IST" name="tearDown" finished-at="2024-02-27T13:19:43 IST" duration-ms="687" status="PASS">
          <reporter-output>
          </reporter-output>
        </test-method> <!-- tearDown -->
      </class> <!-- Malli_test.TestScenario_2 -->
      <class name="Malli_test.TestScenario_3">
        <test-method is-config="true" signature="setUp(java.lang.String,java.lang.String,java.lang.String)[pri:0, instance:Malli_test.TestScenario_3@2e005c4b]" started-at="2024-02-27T13:19:43 IST" name="setUp" finished-at="2024-02-27T13:20:01 IST" duration-ms="17897" status="PASS">
          <params>
            <param index="0">
              <value>
                <![CDATA[chrome]]>
              </value>
            </param>
            <param index="1">
              <value>
                <![CDATA[latest]]>
              </value>
            </param>
            <param index="2">
              <value>
                <![CDATA[Windows 10]]>
              </value>
            </param>
          </params>
          <reporter-output>
          </reporter-output>
        </test-method> <!-- setUp -->
        <test-method signature="TestScenario3()[pri:0, instance:Malli_test.TestScenario_3@2e005c4b]" started-at="2024-02-27T13:20:01 IST" name="TestScenario3" finished-at="2024-02-27T13:20:11 IST" duration-ms="10057" status="PASS">
          <reporter-output>
          </reporter-output>
        </test-method> <!-- TestScenario3 -->
        <test-method is-config="true" signature="tearDown()[pri:0, instance:Malli_test.TestScenario_3@2e005c4b]" started-at="2024-02-27T13:20:11 IST" name="tearDown" finished-at="2024-02-27T13:20:11 IST" duration-ms="743" status="PASS">
          <reporter-output>
          </reporter-output>
        </test-method> <!-- tearDown -->
      </class> <!-- Malli_test.TestScenario_3 -->
    </test> <!-- ChromeTest -->
  </suite> <!-- Parallel Test Suite -->
</testng-results>
