<?xml version="1.0" encoding="UTF-8"?>
<!-- Generated by org.testng.reporters.JUnitReportReporter -->
<testsuite hostname="WIN-8N2F4M2" failures="0" tests="3" name="Malli_test.TestScenario_3" time="30.832" errors="1" timestamp="2024-02-27T13:20:12 IST" skipped="1">
  <testcase classname="Malli_test.TestScenario_3" name="TestScenario3" time="0.000">
    <skipped/>
  </testcase> <!-- TestScenario3 -->
  <system-out/>
  <testcase classname="Malli_test.TestScenario_3" name="setUp" time="2.135">
    <error message="Could not start a new session. Response code 500. Message: Error: No Selenium config found for browserVersion: 122.0 Input capabilities : {&quot;EnableHTTP2InMartian&quot;:true,&quot;accessKey&quot;:&quot;**************************************************&quot;,&quot;browserName&quot;:&quot;chrome&quot;,&quot;browserVersion&quot;:&quot;122&quot;,&quot;build&quot;:&quot;Selenium 4&quot;,&quot;console&quot;:&quot;info&quot;,&quot;enableDebugLogsInMartian&quot;:false,&quot;enableNetworkThrottling&quot;:false,&quot;enableSSEInMartian&quot;:true,&quot;enableWSInMartian&quot;:true,&quot;extendedDebuging&quot;:true,&quot;headless&quot;:false,&quot;loggingPrefs&quot;:{&quot;browser&quot;:&quot;ALL&quot;,&quot;driver&quot;:&quot;ALL&quot;,&quot;performance&quot;:&quot;ALL&quot;,&quot;server&quot;:&quot;ALL&quot;},&quot;lt:options&quot;:{&quot;accessKey&quot;:&quot;**************************************************&quot;,&quot;user&quot;:&quot;************&quot;},&quot;name&quot;:&quot;Malli_test.TestScenario_3&quot;,&quot;network&quot;:true,&quot;network.har&quot;:true,&quot;performance&quot;:false,&quot;platform&quot;:&quot;macos 10.15&quot;,&quot;platformName&quot;:&quot;macOS Catalina&quot;,&quot;resolution&quot;:&quot;1920x1080&quot;,&quot;selenium_version&quot;:&quot;4.0.0&quot;,&quot;tunnel&quot;:false,&quot;tunnelIdentifier&quot;:&quot;&quot;,&quot;user&quot;:&quot;************&quot;,&quot;userAgent&quot;:&quot;selenium/4.1.0 (java windows)&quot;,&quot;version&quot;:&quot;122.0&quot;,&quot;video&quot;:true,&quot;visual&quot;:true,&quot;w3c&quot;:true}
Build info: version: &#039;4.1.0&#039;, revision: &#039;87802e897b&#039;
System info: host: &#039;WIN-8N2F4M2&#039;, ip: &#039;10.1.127.210&#039;, os.name: &#039;Windows 10&#039;, os.arch: &#039;amd64&#039;, os.version: &#039;10.0&#039;, java.version: &#039;17.0.7&#039;
Driver info: org.openqa.selenium.remote.RemoteWebDriver
Command: [null, newSession {capabilities=[Capabilities {LT:Options: {accessKey: yQqf1gSo7KMQmtiKt3oGCgja8RK..., user: mrkatlagunta}, browserName: Chrome, browserVersion: 122, platformName: macos catalina}], desiredCapabilities=Capabilities {LT:Options: {accessKey: yQqf1gSo7KMQmtiKt3oGCgja8RK..., user: mrkatlagunta}, browserName: Chrome, browserVersion: 122, build: Selenium 4, console: info, name: Malli_test.TestScenario_3, network: true, platformName: macOS Catalina, selenium_version: 4.0.0, tunnel: false, visual: true}}]
Capabilities {}" type="org.openqa.selenium.SessionNotCreatedException">
      <![CDATA[org.openqa.selenium.SessionNotCreatedException: Could not start a new session. Response code 500. Message: Error: No Selenium config found for browserVersion: 122.0 Input capabilities : {"EnableHTTP2InMartian":true,"accessKey":"**************************************************","browserName":"chrome","browserVersion":"122","build":"Selenium 4","console":"info","enableDebugLogsInMartian":false,"enableNetworkThrottling":false,"enableSSEInMartian":true,"enableWSInMartian":true,"extendedDebuging":true,"headless":false,"loggingPrefs":{"browser":"ALL","driver":"ALL","performance":"ALL","server":"ALL"},"lt:options":{"accessKey":"**************************************************","user":"************"},"name":"Malli_test.TestScenario_3","network":true,"network.har":true,"performance":false,"platform":"macos 10.15","platformName":"macOS Catalina","resolution":"1920x1080","selenium_version":"4.0.0","tunnel":false,"tunnelIdentifier":"","user":"************","userAgent":"selenium/4.1.0 (java windows)","version":"122.0","video":true,"visual":true,"w3c":true}
Build info: version: '4.1.0', revision: '87802e897b'
System info: host: 'WIN-8N2F4M2', ip: '10.1.127.210', os.name: 'Windows 10', os.arch: 'amd64', os.version: '10.0', java.version: '17.0.7'
Driver info: org.openqa.selenium.remote.RemoteWebDriver
Command: [null, newSession {capabilities=[Capabilities {LT:Options: {accessKey: yQqf1gSo7KMQmtiKt3oGCgja8RK..., user: mrkatlagunta}, browserName: Chrome, browserVersion: 122, platformName: macos catalina}], desiredCapabilities=Capabilities {LT:Options: {accessKey: yQqf1gSo7KMQmtiKt3oGCgja8RK..., user: mrkatlagunta}, browserName: Chrome, browserVersion: 122, build: Selenium 4, console: info, name: Malli_test.TestScenario_3, network: true, platformName: macOS Catalina, selenium_version: 4.0.0, tunnel: false, visual: true}}]
Capabilities {}
at org.openqa.selenium.remote.ProtocolHandshake.createSession(ProtocolHandshake.java:126)
at org.openqa.selenium.remote.ProtocolHandshake.createSession(ProtocolHandshake.java:84)
at org.openqa.selenium.remote.ProtocolHandshake.createSession(ProtocolHandshake.java:62)
at org.openqa.selenium.remote.HttpCommandExecutor.execute(HttpCommandExecutor.java:156)
at org.openqa.selenium.remote.TracedCommandExecutor.execute(TracedCommandExecutor.java:50)
at org.openqa.selenium.remote.RemoteWebDriver.execute(RemoteWebDriver.java:559)
at org.openqa.selenium.remote.RemoteWebDriver.startSession(RemoteWebDriver.java:246)
at org.openqa.selenium.remote.RemoteWebDriver.<init>(RemoteWebDriver.java:168)
at org.openqa.selenium.remote.RemoteWebDriver.<init>(RemoteWebDriver.java:146)
at Malli_test.TestScenario_3.setUp(TestScenario_3.java:52)
at java.base/jdk.internal.reflect.NativeMethodAccessorImpl.invoke0(Native Method)
at java.base/jdk.internal.reflect.NativeMethodAccessorImpl.invoke(NativeMethodAccessorImpl.java:77)
at java.base/jdk.internal.reflect.DelegatingMethodAccessorImpl.invoke(DelegatingMethodAccessorImpl.java:43)
at java.base/java.lang.reflect.Method.invoke(Method.java:568)
at org.testng.internal.MethodInvocationHelper.invokeMethod(MethodInvocationHelper.java:133)
at org.testng.internal.MethodInvocationHelper.invokeMethodConsideringTimeout(MethodInvocationHelper.java:62)
at org.testng.internal.ConfigInvoker.invokeConfigurationMethod(ConfigInvoker.java:385)
at org.testng.internal.ConfigInvoker.invokeConfigurations(ConfigInvoker.java:321)
at org.testng.internal.TestInvoker.runConfigMethods(TestInvoker.java:700)
at org.testng.internal.TestInvoker.invokeMethod(TestInvoker.java:527)
at org.testng.internal.TestInvoker.invokeTestMethod(TestInvoker.java:173)
at org.testng.internal.MethodRunner.runInSequence(MethodRunner.java:46)
at org.testng.internal.TestInvoker$MethodInvocationAgent.invoke(TestInvoker.java:824)
at org.testng.internal.TestInvoker.invokeTestMethods(TestInvoker.java:146)
at org.testng.internal.TestMethodWorker.invokeTestMethods(TestMethodWorker.java:146)
at org.testng.internal.TestMethodWorker.run(TestMethodWorker.java:128)
at java.base/java.util.ArrayList.forEach(ArrayList.java:1511)
at org.testng.TestRunner.privateRun(TestRunner.java:794)
at org.testng.TestRunner.run(TestRunner.java:596)
at org.testng.SuiteRunner.runTest(SuiteRunner.java:377)
at org.testng.SuiteRunner.access$000(SuiteRunner.java:28)
at org.testng.SuiteRunner$SuiteWorker.run(SuiteRunner.java:418)
at org.testng.internal.thread.ThreadUtil.lambda$execute$0(ThreadUtil.java:64)
at java.base/java.util.concurrent.FutureTask.run(FutureTask.java:264)
at java.base/java.util.concurrent.ThreadPoolExecutor.runWorker(ThreadPoolExecutor.java:1136)
at java.base/java.util.concurrent.ThreadPoolExecutor$Worker.run(ThreadPoolExecutor.java:635)
at java.base/java.lang.Thread.run(Thread.java:833)
]]>
    </error>
  </testcase> <!-- setUp -->
  <system-out/>
  <testcase classname="Malli_test.TestScenario_3" name="TestScenario3" time="28.697"/>
  <system-out/>
</testsuite> <!-- Malli_test.TestScenario_3 -->
